<?xml version="1.0" encoding="UTF-8"?>
<!-- Generated by org.testng.reporters.JUnitReportReporter -->
<testsuite hostname="LAPTOP-V2A973PI" failures="0" tests="8" name="cucumberOptions.TestNGRunner" time="0.213" errors="0" timestamp="2024-01-13T22:02:56 IST" skipped="0">
  <testcase classname="cucumberOptions.TestNGRunner" name="runScenario" time="0.010"/>
  <testcase classname="cucumberOptions.TestNGRunner" name="runScenario" time="0.019"/>
  <testcase classname="cucumberOptions.TestNGRunner" name="runScenario" time="0.029"/>
  <testcase classname="cucumberOptions.TestNGRunner" name="runScenario" time="0.011"/>
  <testcase classname="cucumberOptions.TestNGRunner" name="runScenario" time="0.017"/>
  <testcase classname="cucumberOptions.TestNGRunner" name="runScenario" time="0.102"/>
  <testcase classname="cucumberOptions.TestNGRunner" name="runScenario" time="0.016"/>
  <testcase classname="cucumberOptions.TestNGRunner" name="runScenario" time="0.009"/>
</testsuite> <!-- cucumberOptions.TestNGRunner -->
