<?xml version="1.0" encoding="UTF-8"?>
<!-- Generated by org.testng.reporters.JUnitReportReporter -->
<testsuite hostname="LAPTOP-V2A973PI" failures="0" tests="2" name="rahulshetty.tests.ErrorValidationsTest" time="29.409" errors="0" timestamp="2024-01-10T11:45:42 IST" skipped="0">
  <testcase classname="rahulshetty.tests.ErrorValidationsTest" name="LoginErrorValidation" time="10.534"/>
  <testcase classname="rahulshetty.tests.ErrorValidationsTest" name="ProductErrorValidation" time="18.875"/>
</testsuite> <!-- rahulshetty.tests.ErrorValidationsTest -->
