<?xml version="1.0" encoding="UTF-8"?>
<!-- Generated by org.testng.reporters.JUnitReportReporter -->
<testsuite hostname="LAPTOP-V2A973PI" failures="0" tests="1" name="extentReports.ExtentReportsDemo" time="7.352" errors="0" timestamp="2023-09-06T16:29:19 IST" skipped="0">
  <testcase classname="extentReports.ExtentReportsDemo" name="intialDemo" time="7.352"/>
</testsuite> <!-- extentReports.ExtentReportsDemo -->
