<?xml version="1.0" encoding="UTF-8"?>
<!-- Generated by org.testng.reporters.JUnitReportReporter -->
<testsuite hostname="LAPTOP-V2A973PI" failures="0" tests="1" name="rahulshetty.tests.ErrorValidations" time="8.763" errors="0" timestamp="2023-08-19T15:02:14 IST" skipped="0">
  <testcase classname="rahulshetty.tests.ErrorValidations" name="submitOrder" time="8.763"/>
</testsuite> <!-- rahulshetty.tests.ErrorValidations -->
